<?xml version="1.0" encoding="UTF-8"?>
<testsuite name="Compras en pagina de pruebas" tests="1" skipped="0" failures="0" errors="0" timestamp="2024-04-03T02:03:47" hostname="GRETTY" time="32.835">
  <properties/>
  <testcase name="Registro de clientes" classname="Compras en pagina de pruebas" time="32.835"/>
  <system-out><![CDATA[]]></system-out>
  <system-err><![CDATA[abr. 02, 2024 9:03:50 P. M. org.openqa.selenium.devtools.CdpVersionFinder findNearestMatch
ADVERTENCIA: Unable to find an exact match for CDP version 123, returning the closest version; found: 120; Please update to a Selenium version that supports CDP version 123
abr. 02, 2024 9:03:52 P. M. org.openqa.selenium.devtools.CdpVersionFinder findNearestMatch
ADVERTENCIA: Unable to find an exact match for CDP version 123, returning the closest version; found: 120; Please update to a Selenium version that supports CDP version 123
]]></system-err>
</testsuite>
